

===============================================
begining Thu Jun 13 08:09:12 PDT 2019
==============off to python==============
shape_cuts ('MG_MR_indx', '==', '1')
shape_cuts [('z', '>', '0.15') ('z', '<', '0.43') ('e1', '>', '-10.0')
 ('jk', '>', '-1') ('MG_MR_indx', '==', '1')]
density_cuts [('z', '>', '0.15') ('z', '<', '0.43') ('jk', '>', '-1')
 ('z', '>', '0.15') ('z', '<', '0.43') ('jk', '>', '-1')]
0.4299984574317932
flag_data_rand err 'e1'
flag_data_rand err 'MG_MR_indx'
0.4299984574317932
2:  [0.01066482 0.01055634 0.01039902 0.01008014] [23. 24. 25. 26.]
density:  [0.01073794 0.01059687 0.01035021 0.01006696] [23. 24. 25. 26.] 37052
e_rms:  0.13
writing to: /home/deep/repos/FP_project/lowz12_fp//data_out/color_ia/color1full_wt2_Rwt0
==============python done==============


===============================================
begining Thu Jun 13 08:25:36 PDT 2019
==============off to python==============
==============python done==============


===============================================
begining Thu Jun 13 08:25:44 PDT 2019
==============off to python==============
==============python done==============


===============================================
begining Thu Jun 13 08:25:52 PDT 2019
==============off to python==============
==============python done==============


===============================================
begining Thu Jun 13 08:26:00 PDT 2019
==============off to python==============
==============python done==============


===============================================
begining Thu Jun 13 08:26:08 PDT 2019
==============off to python==============
==============python done==============


===============================================
begining Thu Jun 13 08:27:38 PDT 2019
==============off to python==============
==============python done==============


===============================================
begining Thu Jun 13 08:29:29 PDT 2019
==============off to python==============
==============python done==============


===============================================
begining Thu Jun 13 08:29:56 PDT 2019
==============off to python==============
==============python done==============


===============================================
begining Thu Jun 13 08:30:07 PDT 2019
==============off to python==============
==============python done==============


===============================================
begining Thu Jun 13 08:30:19 PDT 2019
==============off to python==============
==============python done==============


===============================================
begining Thu Jun 13 08:30:41 PDT 2019
==============off to python==============
shape_cuts ('MG_MR_indx', '==', '1')
shape_cuts [('z', '>', '0.15') ('z', '<', '0.43') ('e1', '>', '-10.0')
 ('jk', '>', '-1') ('MG_MR_indx', '==', '1')]
density_cuts [('z', '>', '0.15') ('z', '<', '0.43') ('jk', '>', '-1')
 ('z', '>', '0.15') ('z', '<', '0.43') ('jk', '>', '-1')]
0.4299984574317932
flag_data_rand err 'e1'
flag_data_rand err 'MG_MR_indx'
0.4299984574317932
2:  [0.01065639 0.01056068 0.01038427 0.01009265] [23. 24. 25. 26.]
density:  [0.01068095 0.0105776  0.01028457 0.01010495] [23. 24. 25. 26.] 36817
e_rms:  0.13
writing to: /home/deep/repos/FP_project/lowz12_fp//data_out/color_ia/color1full_wt02_Rwt0
==============python done==============


===============================================
begining Thu Jun 13 08:54:03 PDT 2019
==============off to python==============
==============python done==============


===============================================
begining Thu Jun 13 08:54:07 PDT 2019
==============off to python==============
==============python done==============


===============================================
begining Thu Jun 13 08:54:11 PDT 2019
==============off to python==============
==============python done==============


===============================================
begining Thu Jun 13 08:54:15 PDT 2019
==============off to python==============
==============python done==============


===============================================
begining Thu Jun 13 09:04:32 PDT 2019
==============off to python==============
shape_cuts ('MG_MR_indx', '==', '2')
shape_cuts [('z', '>', '0.15') ('z', '<', '0.43') ('e1', '>', '-10.0')
 ('jk', '>', '-1') ('MG_MR_indx', '==', '2')]
density_cuts [('z', '>', '0.15') ('z', '<', '0.43') ('jk', '>', '-1')
 ('z', '>', '0.15') ('z', '<', '0.43') ('jk', '>', '-1')]
0.4299984574317932
flag_data_rand err 'e1'
flag_data_rand err 'MG_MR_indx'
0.4299984574317932
2:  [0.0106584  0.01057668 0.01039598 0.01008432] [23. 24. 25. 26.]
density:  [0.01069297 0.01050357 0.01046195 0.01011724] [23. 24. 25. 26.] 37452
e_rms:  0.13
writing to: /home/deep/repos/FP_project/lowz12_fp//data_out/color_ia/color2full_wt02_Rwt0
==============python done==============


===============================================
begining Thu Jun 13 09:25:03 PDT 2019
==============off to python==============
shape_cuts ('MG_MR_indx', '==', '3')
shape_cuts [('z', '>', '0.15') ('z', '<', '0.43') ('e1', '>', '-10.0')
 ('jk', '>', '-1') ('MG_MR_indx', '==', '3')]
density_cuts [('z', '>', '0.15') ('z', '<', '0.43') ('jk', '>', '-1')
 ('z', '>', '0.15') ('z', '<', '0.43') ('jk', '>', '-1')]
0.4299984574317932
flag_data_rand err 'e1'
flag_data_rand err 'MG_MR_indx'
0.4299984574317932
2:  [0.01068403 0.01055138 0.01039688 0.01009116] [23. 24. 25. 26.]
density:  [0.01077509 0.01054463 0.01034882 0.01010858] [23. 24. 25. 26.] 37047
e_rms:  0.13
writing to: /home/deep/repos/FP_project/lowz12_fp//data_out/color_ia/color3full_wt02_Rwt0
==============python done==============


===============================================
begining Thu Jun 13 09:45:56 PDT 2019
==============off to python==============
shape_cuts ('MG_MR_indx', '==', '4')
shape_cuts [('z', '>', '0.15') ('z', '<', '0.43') ('e1', '>', '-10.0')
 ('jk', '>', '-1') ('MG_MR_indx', '==', '4')]
density_cuts [('z', '>', '0.15') ('z', '<', '0.43') ('jk', '>', '-1')
 ('z', '>', '0.15') ('z', '<', '0.43') ('jk', '>', '-1')]
0.4299984574317932
flag_data_rand err 'e1'
flag_data_rand err 'MG_MR_indx'
0.4299984574317932
2:  [0.01067058 0.01055978 0.01036875 0.0100742 ] [23. 24. 25. 26.]
density:  [0.01068822 0.01066783 0.01035412 0.01009685] [23. 24. 25. 26.] 37066
e_rms:  0.13
writing to: /home/deep/repos/FP_project/lowz12_fp//data_out/color_ia/color4full_wt02_Rwt0
==============python done==============


===============================================
begining Thu Jun 13 10:06:52 PDT 2019
==============off to python==============
shape_cuts ('MG_MR_indx', '==', '5')
shape_cuts [('z', '>', '0.15') ('z', '<', '0.43') ('e1', '>', '-10.0')
 ('jk', '>', '-1') ('MG_MR_indx', '==', '5')]
density_cuts [('z', '>', '0.15') ('z', '<', '0.43') ('jk', '>', '-1')
 ('z', '>', '0.15') ('z', '<', '0.43') ('jk', '>', '-1')]
0.4299984574317932
flag_data_rand err 'e1'
flag_data_rand err 'MG_MR_indx'
0.4299984574317932
2:  [0.01067095 0.01053842 0.01039809 0.01009406] [23. 24. 25. 26.]
density:  [0.01062788 0.01057369 0.01041139 0.0100055 ] [23. 24. 25. 26.] 37271
e_rms:  0.13
writing to: /home/deep/repos/FP_project/lowz12_fp//data_out/color_ia/color5full_wt02_Rwt0
==============python done==============


===============================================
begining Sun Jun 16 15:11:08 PDT 2019
==============off to python==============
shape_cuts ('MG_MR_indx', '==', '1')
shape_cuts [('z', '>', '0.15') ('z', '<', '0.43') ('e1', '>', '-10.0')
 ('jk', '>', '-1') ('MG_MR_indx', '==', '1')]
density_cuts [('z', '>', '0.15') ('z', '<', '0.43') ('jk', '>', '-1')
 ('z', '>', '0.15') ('z', '<', '0.43') ('jk', '>', '-1')]
0.4299984574317932
flag_data_rand err 'e1'
flag_data_rand err 'MG_MR_indx'
0.4299984574317932
2:  [0.0106902  0.01054704 0.01036577 0.01010769] [23. 24. 25. 26.]
density:  [0.0107966  0.01062201 0.01047256 0.00987617] [23. 24. 25. 26.] 7498
e_rms:  0.13
writing to: /home/deep/repos/FP_project/lowz12_fp//data_out/color_ia/color1full_wt02_Rwt0
==============python done==============


===============================================
begining Sun Jun 16 15:19:12 PDT 2019
==============off to python==============
shape_cuts ('MG_MR_indx', '==', '2')
shape_cuts [('z', '>', '0.15') ('z', '<', '0.43') ('e1', '>', '-10.0')
 ('jk', '>', '-1') ('MG_MR_indx', '==', '2')]
density_cuts [('z', '>', '0.15') ('z', '<', '0.43') ('jk', '>', '-1')
 ('z', '>', '0.15') ('z', '<', '0.43') ('jk', '>', '-1')]
0.4299984574317932
flag_data_rand err 'e1'
flag_data_rand err 'MG_MR_indx'
0.4299984574317932
2:  [0.01061025 0.01052865 0.01033891 0.01012545] [23. 24. 25. 26.]
density:  [0.01060665 0.01047256 0.01002562 0.01010523] [23. 24. 25. 26.] 7178
e_rms:  0.13
writing to: /home/deep/repos/FP_project/lowz12_fp//data_out/color_ia/color2full_wt02_Rwt0
==============python done==============


===============================================
begining Sun Jun 16 15:33:18 PDT 2019
==============off to python==============
shape_cuts ('MG_MR_indx', '==', '3')
shape_cuts [('z', '>', '0.15') ('z', '<', '0.43') ('e1', '>', '-10.0')
 ('jk', '>', '-1') ('MG_MR_indx', '==', '3')]
density_cuts [('z', '>', '0.15') ('z', '<', '0.43') ('jk', '>', '-1')
 ('z', '>', '0.15') ('z', '<', '0.43') ('jk', '>', '-1')]
0.4299984574317932
flag_data_rand err 'e1'
flag_data_rand err 'MG_MR_indx'
0.4299984574317932
2:  [0.01068111 0.01065938 0.01031579 0.01002697] [23. 24. 25. 26.]
density:  [0.01090694 0.01046977 0.01021138 0.01023373] [23. 24. 25. 26.] 7311
e_rms:  0.13
writing to: /home/deep/repos/FP_project/lowz12_fp//data_out/color_ia/color3full_wt02_Rwt0
==============python done==============


===============================================
begining Sun Jun 16 15:50:55 PDT 2019
==============off to python==============
shape_cuts ('MG_MR_indx', '==', '4')
shape_cuts [('z', '>', '0.15') ('z', '<', '0.43') ('e1', '>', '-10.0')
 ('jk', '>', '-1') ('MG_MR_indx', '==', '4')]
density_cuts [('z', '>', '0.15') ('z', '<', '0.43') ('jk', '>', '-1')
 ('z', '>', '0.15') ('z', '<', '0.43') ('jk', '>', '-1')]
0.4299984574317932
flag_data_rand err 'e1'
flag_data_rand err 'MG_MR_indx'
0.4299984574317932
2:  [0.01071148 0.01062876 0.0103594  0.01004177] [23. 24. 25. 26.]
density:  [0.01067229 0.01060386 0.01017506 0.00998092] [23. 24. 25. 26.] 7285
e_rms:  0.13
writing to: /home/deep/repos/FP_project/lowz12_fp//data_out/color_ia/color4full_wt02_Rwt0
==============python done==============


===============================================
begining Sun Jun 16 16:03:40 PDT 2019
==============off to python==============
shape_cuts ('MG_MR_indx', '==', '5')
shape_cuts [('z', '>', '0.15') ('z', '<', '0.43') ('e1', '>', '-10.0')
 ('jk', '>', '-1') ('MG_MR_indx', '==', '5')]
density_cuts [('z', '>', '0.15') ('z', '<', '0.43') ('jk', '>', '-1')
 ('z', '>', '0.15') ('z', '<', '0.43') ('jk', '>', '-1')]
0.4299984574317932
flag_data_rand err 'e1'
flag_data_rand err 'MG_MR_indx'
0.4299984574317932
2:  [0.0106927  0.01061082 0.0103231  0.01008028] [23. 24. 25. 26.]
density:  [0.01072537 0.01053123 0.01029658 0.0100759 ] [23. 24. 25. 26.] 7372
e_rms:  0.13
writing to: /home/deep/repos/FP_project/lowz12_fp//data_out/color_ia/color5full_wt02_Rwt0
==============python done==============


===============================================
begining Sun Jun 16 20:43:54 PDT 2019
==============off to python==============
shape_cuts ('MG_MR_indx', '==', '1')
shape_cuts [('z', '>', '0.15') ('z', '<', '0.43') ('e1', '>', '-10.0')
 ('jk', '>', '-1') ('MG_MR_indx', '==', '1')]
density_cuts [('z', '>', '0.15') ('z', '<', '0.43') ('jk', '>', '-1')
 ('z', '>', '0.15') ('z', '<', '0.43') ('jk', '>', '-1')]
0.4299984574317932
flag_data_rand err 'e1'
flag_data_rand err 'MG_MR_indx'
0.4299984574317932
2:  [0.01068396 0.01057017 0.0103889  0.010086  ] [23. 24. 25. 26.]
density:  [0.01061    0.0106086  0.01037815 0.01009126] [23. 24. 25. 26.] 37152
e_rms:  0.13
writing to: /home/deep/repos/FP_project/lowz12_fp//data_out/color_ia/color1full_wt02_Rwt0
==============python done==============


===============================================
begining Sun Jun 16 22:04:49 PDT 2019
==============off to python==============
shape_cuts ('MG_MR_indx', '==', '2')
shape_cuts [('z', '>', '0.15') ('z', '<', '0.43') ('e1', '>', '-10.0')
 ('jk', '>', '-1') ('MG_MR_indx', '==', '2')]
density_cuts [('z', '>', '0.15') ('z', '<', '0.43') ('jk', '>', '-1')
 ('z', '>', '0.15') ('z', '<', '0.43') ('jk', '>', '-1')]
0.4299984574317932
flag_data_rand err 'e1'
flag_data_rand err 'MG_MR_indx'
0.4299984574317932
2:  [0.01067369 0.01054901 0.01038191 0.01006766] [23. 24. 25. 26.]
density:  [0.01071392 0.01051949 0.0103882  0.01002757] [23. 24. 25. 26.] 37188
e_rms:  0.13
writing to: /home/deep/repos/FP_project/lowz12_fp//data_out/color_ia/color2full_wt02_Rwt0
==============python done==============


===============================================
begining Mon Jun 17 00:01:29 PDT 2019
==============off to python==============
shape_cuts ('MG_MR_indx', '==', '3')
shape_cuts [('z', '>', '0.15') ('z', '<', '0.43') ('e1', '>', '-10.0')
 ('jk', '>', '-1') ('MG_MR_indx', '==', '3')]
density_cuts [('z', '>', '0.15') ('z', '<', '0.43') ('jk', '>', '-1')
 ('z', '>', '0.15') ('z', '<', '0.43') ('jk', '>', '-1')]
0.4299984574317932
flag_data_rand err 'e1'
flag_data_rand err 'MG_MR_indx'
0.4299984574317932
2:  [0.01067731 0.0105402  0.01039671 0.01007742] [23. 24. 25. 26.]
density:  [0.0107223  0.01058626 0.01029853 0.01008791] [23. 24. 25. 26.] 36867
e_rms:  0.13
writing to: /home/deep/repos/FP_project/lowz12_fp//data_out/color_ia/color3full_wt02_Rwt0
==============python done==============


===============================================
begining Mon Jun 17 02:05:37 PDT 2019
==============off to python==============
shape_cuts ('MG_MR_indx', '==', '4')
shape_cuts [('z', '>', '0.15') ('z', '<', '0.43') ('e1', '>', '-10.0')
 ('jk', '>', '-1') ('MG_MR_indx', '==', '4')]
density_cuts [('z', '>', '0.15') ('z', '<', '0.43') ('jk', '>', '-1')
 ('z', '>', '0.15') ('z', '<', '0.43') ('jk', '>', '-1')]
0.4299984574317932
flag_data_rand err 'e1'
flag_data_rand err 'MG_MR_indx'
0.4299984574317932
2:  [0.0106731  0.01054695 0.01039251 0.01010158] [23. 24. 25. 26.]
density:  [0.01076895 0.01051111 0.01040385 0.01003847] [23. 24. 25. 26.] 37244
e_rms:  0.13
writing to: /home/deep/repos/FP_project/lowz12_fp//data_out/color_ia/color4full_wt02_Rwt0
==============python done==============


===============================================
begining Mon Jun 17 04:10:19 PDT 2019
==============off to python==============
shape_cuts ('MG_MR_indx', '==', '5')
shape_cuts [('z', '>', '0.15') ('z', '<', '0.43') ('e1', '>', '-10.0')
 ('jk', '>', '-1') ('MG_MR_indx', '==', '5')]
density_cuts [('z', '>', '0.15') ('z', '<', '0.43') ('jk', '>', '-1')
 ('z', '>', '0.15') ('z', '<', '0.43') ('jk', '>', '-1')]
0.4299984574317932
flag_data_rand err 'e1'
flag_data_rand err 'MG_MR_indx'
0.4299984574317932
2:  [0.01066973 0.01056255 0.01037891 0.01009977] [23. 24. 25. 26.]
density:  [0.01070945 0.01060022 0.01038038 0.01008344] [23. 24. 25. 26.] 37160
e_rms:  0.13
writing to: /home/deep/repos/FP_project/lowz12_fp//data_out/color_ia/color5full_wt02_Rwt0
==============python done==============
