

===============================================
begining Thu Jun 13 07:33:18 PDT 2019
==============off to python==============
==============python done==============


===============================================
begining Thu Jun 13 07:33:19 PDT 2019
==============off to python==============
==============python done==============


===============================================
begining Thu Jun 13 07:33:21 PDT 2019
==============off to python==============
==============python done==============


===============================================
begining Thu Jun 13 07:33:23 PDT 2019
==============off to python==============
==============python done==============


===============================================
begining Thu Jun 13 07:34:21 PDT 2019
==============off to python==============
shape_cuts [('z', '>', '0.15') ('z', '<', '0.43') ('jk', '>', '-1')]
shape_cuts [('z', '>', '0.15') ('z', '<', '0.43') ('jk', '>', '-1')
 ('z', '>', '0.15') ('z', '<', '0.43') ('jk', '>', '-1')]
density_cuts [('z', '>', '0.15') ('z', '<', '0.43') ('jk', '>', '-1')
 ('LR_indx', '==', '1')]
flag_data_rand err 'LR_indx'
0.4299984574317932
0.4299984574317932
2:  [0.01068688 0.01055881 0.01038579 0.01008859] [23. 24. 25. 26.]
density:  [0.01069623 0.01055514 0.01027296 0.01004526] [23. 24. 25. 26.] 7354
e_rms:  0.13
writing to: /home/deep/repos/FP_project/lowz12_fp//data_out/lum_ia/fulllum1_wt2_Rwt0
==============python done==============


===============================================
begining Thu Jun 13 07:35:14 PDT 2019
==============off to python==============
shape_cuts [('z', '>', '0.15') ('z', '<', '0.43') ('jk', '>', '-1')]
shape_cuts [('z', '>', '0.15') ('z', '<', '0.43') ('jk', '>', '-1')
 ('z', '>', '0.15') ('z', '<', '0.43') ('jk', '>', '-1')]
density_cuts [('z', '>', '0.15') ('z', '<', '0.43') ('jk', '>', '-1')
 ('LR_indx', '==', '2')]
flag_data_rand err 'LR_indx'
0.4299984574317932
0.4299984574317932
2:  [0.01064831 0.01056903 0.01039855 0.01007752] [23. 24. 25. 26.]
density:  [0.01064169 0.01074228 0.01034271 0.0101066 ] [23. 24. 25. 26.] 7403
e_rms:  0.13
writing to: /home/deep/repos/FP_project/lowz12_fp//data_out/lum_ia/fulllum2_wt2_Rwt0
==============python done==============


===============================================
begining Thu Jun 13 07:36:09 PDT 2019
==============off to python==============
shape_cuts [('z', '>', '0.15') ('z', '<', '0.43') ('jk', '>', '-1')]
shape_cuts [('z', '>', '0.15') ('z', '<', '0.43') ('jk', '>', '-1')
 ('z', '>', '0.15') ('z', '<', '0.43') ('jk', '>', '-1')]
density_cuts [('z', '>', '0.15') ('z', '<', '0.43') ('jk', '>', '-1')
 ('LR_indx', '==', '3')]
flag_data_rand err 'LR_indx'
0.4299984574317932
0.4299984574317932
2:  [0.0106808  0.01055533 0.01038248 0.01009077] [23. 24. 25. 26.]
density:  [0.0108087  0.01063693 0.01059923 0.01012582] [23. 24. 25. 26.] 7590
e_rms:  0.13
writing to: /home/deep/repos/FP_project/lowz12_fp//data_out/lum_ia/fulllum3_wt2_Rwt0


===============================================
begining Thu Jun 13 07:38:10 PDT 2019
==============off to python==============
shape_cuts [('z', '>', '0.15') ('z', '<', '0.43') ('jk', '>', '-1')]
shape_cuts [('z', '>', '0.15') ('z', '<', '0.43') ('e1', '>', '-10.0')
 ('jk', '>', '-1') ('z', '>', '0.15') ('z', '<', '0.43') ('jk', '>', '-1')]
density_cuts [('z', '>', '0.15') ('z', '<', '0.43') ('jk', '>', '-1')
 ('LR_indx', '==', '1')]
flag_data_rand err 'LR_indx'
0.4299984574317932
flag_data_rand err 'e1'
0.4299984574317932
2:  [0.01065536 0.01055526 0.01038397 0.01008224] [23. 24. 25. 26.]
density:  [0.0106166  0.01050904 0.01038751 0.00975749] [23. 24. 25. 26.] 7436
e_rms:  0.13
writing to: /home/deep/repos/FP_project/lowz12_fp//data_out/lum_ia/fulllum1_wt2_Rwt0
==============python done==============


===============================================
begining Thu Jun 13 08:00:23 PDT 2019
==============off to python==============
shape_cuts [('z', '>', '0.15') ('z', '<', '0.43') ('jk', '>', '-1')]
shape_cuts [('z', '>', '0.15') ('z', '<', '0.43') ('e1', '>', '-10.0')
 ('jk', '>', '-1') ('z', '>', '0.15') ('z', '<', '0.43') ('jk', '>', '-1')]
density_cuts [('z', '>', '0.15') ('z', '<', '0.43') ('jk', '>', '-1')
 ('LR_indx', '==', '2')]
flag_data_rand err 'LR_indx'
0.4299984574317932
flag_data_rand err 'e1'
0.4299984574317932
2:  [0.01067016 0.01055508 0.01041721 0.01008071] [23. 24. 25. 26.]
density:  [0.01053271 0.01056485 0.01040837 0.01027704] [23. 24. 25. 26.] 7450
e_rms:  0.13
writing to: /home/deep/repos/FP_project/lowz12_fp//data_out/lum_ia/fulllum2_wt2_Rwt0
==============python done==============


===============================================
begining Thu Jun 13 08:04:00 PDT 2019
==============off to python==============
shape_cuts ('LR_indx', '==', '1')
shape_cuts [('z', '>', '0.15') ('z', '<', '0.43') ('e1', '>', '-10.0')
 ('jk', '>', '-1') ('LR_indx', '==', '1')]
density_cuts [('z', '>', '0.15') ('z', '<', '0.43') ('jk', '>', '-1')
 ('z', '>', '0.15') ('z', '<', '0.43') ('jk', '>', '-1')]
0.4299984574317932
flag_data_rand err 'e1'
flag_data_rand err 'LR_indx'
0.4299984574317932
2:  [0.01066528 0.01056267 0.01039225 0.01007224] [23. 24. 25. 26.]
density:  [0.01068822 0.01060944 0.01035524 0.01003455] [23. 24. 25. 26.] 37070
e_rms:  0.13
writing to: /home/deep/repos/FP_project/lowz12_fp//data_out/lum_ia/lum1full_wt2_Rwt0
==============python done==============


===============================================
begining Thu Jun 13 08:47:08 PDT 2019
==============off to python==============
==============python done==============


===============================================
begining Thu Jun 13 08:47:16 PDT 2019
==============off to python==============
==============python done==============


===============================================
begining Thu Jun 13 08:47:24 PDT 2019
==============off to python==============
==============python done==============


===============================================
begining Thu Jun 13 10:58:24 PDT 2019
==============off to python==============
shape_cuts ('LR_indx', '==', '1')
shape_cuts [('z', '>', '0.15') ('z', '<', '0.43') ('e1', '>', '-10.0')
 ('jk', '>', '-1') ('LR_indx', '==', '1')]
density_cuts [('z', '>', '0.15') ('z', '<', '0.43') ('jk', '>', '-1')
 ('z', '>', '0.15') ('z', '<', '0.43') ('jk', '>', '-1')]
0.4299984574317932
flag_data_rand err 'e1'
flag_data_rand err 'LR_indx'
0.4299984574317932
2:  [0.0106628  0.01054393 0.01037475 0.01008111] [23. 24. 25. 26.]
density:  [0.01067397 0.01052983 0.01028177 0.01010663] [23. 24. 25. 26.] 36807
e_rms:  0.13
writing to: /home/deep/repos/FP_project/lowz12_fp//data_out/lum_ia/lum1full_wt02_Rwt0
==============python done==============


===============================================
begining Thu Jun 13 14:00:38 PDT 2019
==============off to python==============
shape_cuts ('LR_indx', '==', '2')
shape_cuts [('z', '>', '0.15') ('z', '<', '0.43') ('e1', '>', '-10.0')
 ('jk', '>', '-1') ('LR_indx', '==', '2')]
density_cuts [('z', '>', '0.15') ('z', '<', '0.43') ('jk', '>', '-1')
 ('z', '>', '0.15') ('z', '<', '0.43') ('jk', '>', '-1')]
0.4299984574317932
flag_data_rand err 'e1'
flag_data_rand err 'LR_indx'
0.4299984574317932
2:  [0.01065703 0.01055742 0.01039529 0.01007172] [23. 24. 25. 26.]
density:  [0.01056307 0.01062313 0.01045301 0.01003819] [23. 24. 25. 26.] 37420
e_rms:  0.13
writing to: /home/deep/repos/FP_project/lowz12_fp//data_out/lum_ia/lum2full_wt02_Rwt0
==============python done==============


===============================================
begining Thu Jun 13 17:31:58 PDT 2019
==============off to python==============
shape_cuts ('LR_indx', '==', '3')
shape_cuts [('z', '>', '0.15') ('z', '<', '0.43') ('e1', '>', '-10.0')
 ('jk', '>', '-1') ('LR_indx', '==', '3')]
density_cuts [('z', '>', '0.15') ('z', '<', '0.43') ('jk', '>', '-1')
 ('z', '>', '0.15') ('z', '<', '0.43') ('jk', '>', '-1')]
0.4299984574317932
flag_data_rand err 'e1'
flag_data_rand err 'LR_indx'
0.4299984574317932
2:  [0.01067902 0.0105697  0.01038475 0.01009912] [23. 24. 25. 26.]
density:  [0.01070023 0.01053989 0.01038122 0.01014043] [23. 24. 25. 26.] 37163
e_rms:  0.13
writing to: /home/deep/repos/FP_project/lowz12_fp//data_out/lum_ia/lum3full_wt02_Rwt0
==============python done==============


===============================================
begining Thu Jun 13 19:55:00 PDT 2019
==============off to python==============
shape_cuts ('LR_indx', '==', '4')
shape_cuts [('z', '>', '0.15') ('z', '<', '0.43') ('e1', '>', '-10.0')
 ('jk', '>', '-1') ('LR_indx', '==', '4')]
density_cuts [('z', '>', '0.15') ('z', '<', '0.43') ('jk', '>', '-1')
 ('z', '>', '0.15') ('z', '<', '0.43') ('jk', '>', '-1')]
0.4299984574317932
flag_data_rand err 'e1'
flag_data_rand err 'LR_indx'
0.4299984574317932
2:  [0.01066123 0.01056161 0.01039446 0.01009105] [23. 24. 25. 26.]
density:  [0.01063263 0.01060497 0.01042284 0.01011333] [23. 24. 25. 26.] 37312
e_rms:  0.13
writing to: /home/deep/repos/FP_project/lowz12_fp//data_out/lum_ia/lum4full_wt02_Rwt0
==============python done==============


===============================================
begining Sun Jun 16 15:10:43 PDT 2019
==============off to python==============
shape_cuts ('LR_indx', '==', '1')
shape_cuts [('z', '>', '0.15') ('z', '<', '0.43') ('e1', '>', '-10.0')
 ('jk', '>', '-1') ('LR_indx', '==', '1')]
density_cuts [('z', '>', '0.15') ('z', '<', '0.43') ('jk', '>', '-1')
 ('z', '>', '0.15') ('z', '<', '0.43') ('jk', '>', '-1')]
0.4299984574317932
flag_data_rand err 'e1'
flag_data_rand err 'LR_indx'
0.4299984574317932
2:  [0.01064694 0.01055066 0.01042501 0.01011952] [23. 24. 25. 26.]
density:  [0.01038178 0.01048234 0.01060665 0.01001025] [23. 24. 25. 26.] 7594
e_rms:  0.13
writing to: /home/deep/repos/FP_project/lowz12_fp//data_out/lum_ia/lum1full_wt02_Rwt0
==============python done==============


===============================================
begining Sun Jun 16 15:20:28 PDT 2019
==============off to python==============
shape_cuts ('LR_indx', '==', '2')
shape_cuts [('z', '>', '0.15') ('z', '<', '0.43') ('e1', '>', '-10.0')
 ('jk', '>', '-1') ('LR_indx', '==', '2')]
density_cuts [('z', '>', '0.15') ('z', '<', '0.43') ('jk', '>', '-1')
 ('z', '>', '0.15') ('z', '<', '0.43') ('jk', '>', '-1')]
0.4299984574317932
flag_data_rand err 'e1'
flag_data_rand err 'LR_indx'
0.4299984574317932
2:  [0.01063515 0.0106072  0.01043355 0.01010601] [23. 24. 25. 26.]
density:  [0.01067369 0.01074492 0.01048932 0.01014434] [23. 24. 25. 26.] 7510
e_rms:  0.13
writing to: /home/deep/repos/FP_project/lowz12_fp//data_out/lum_ia/lum2full_wt02_Rwt0
==============python done==============


===============================================
begining Sun Jun 16 15:34:20 PDT 2019
==============off to python==============
shape_cuts ('LR_indx', '==', '3')
shape_cuts [('z', '>', '0.15') ('z', '<', '0.43') ('e1', '>', '-10.0')
 ('jk', '>', '-1') ('LR_indx', '==', '3')]
density_cuts [('z', '>', '0.15') ('z', '<', '0.43') ('jk', '>', '-1')
 ('z', '>', '0.15') ('z', '<', '0.43') ('jk', '>', '-1')]
0.4299984574317932
flag_data_rand err 'e1'
flag_data_rand err 'LR_indx'
0.4299984574317932
2:  [0.01064712 0.01050228 0.01047517 0.00999377] [23. 24. 25. 26.]
density:  [0.01063039 0.01035105 0.01022116 0.01011501] [23. 24. 25. 26.] 7318
e_rms:  0.13
writing to: /home/deep/repos/FP_project/lowz12_fp//data_out/lum_ia/lum3full_wt02_Rwt0
==============python done==============


===============================================
begining Sun Jun 16 15:50:56 PDT 2019
==============off to python==============
shape_cuts ('LR_indx', '==', '4')
shape_cuts [('z', '>', '0.15') ('z', '<', '0.43') ('e1', '>', '-10.0')
 ('jk', '>', '-1') ('LR_indx', '==', '4')]
density_cuts [('z', '>', '0.15') ('z', '<', '0.43') ('jk', '>', '-1')
 ('z', '>', '0.15') ('z', '<', '0.43') ('jk', '>', '-1')]
0.4299984574317932
flag_data_rand err 'e1'
flag_data_rand err 'LR_indx'
0.4299984574317932
2:  [0.01064495 0.01049672 0.01039226 0.0100927 ] [23. 24. 25. 26.]
density:  [0.01059548 0.01056754 0.01011082 0.0102016 ] [23. 24. 25. 26.] 7239
e_rms:  0.13
writing to: /home/deep/repos/FP_project/lowz12_fp//data_out/lum_ia/lum4full_wt02_Rwt0
==============python done==============


===============================================
begining Sun Jun 16 20:44:33 PDT 2019
==============off to python==============
shape_cuts ('LR_indx', '==', '1')
shape_cuts [('z', '>', '0.15') ('z', '<', '0.43') ('e1', '>', '-10.0')
 ('jk', '>', '-1') ('LR_indx', '==', '1')]
density_cuts [('z', '>', '0.15') ('z', '<', '0.43') ('jk', '>', '-1')
 ('z', '>', '0.15') ('z', '<', '0.43') ('jk', '>', '-1')]
0.4299984574317932
flag_data_rand err 'e1'
flag_data_rand err 'LR_indx'
0.4299984574317932
2:  [0.01065326 0.01056681 0.01039197 0.01009014] [23. 24. 25. 26.]
density:  [0.01064157 0.0106086  0.01038038 0.01012422] [23. 24. 25. 26.] 37160
e_rms:  0.13
writing to: /home/deep/repos/FP_project/lowz12_fp//data_out/lum_ia/lum1full_wt02_Rwt0
==============python done==============


===============================================
begining Sun Jun 16 22:21:39 PDT 2019
==============off to python==============
shape_cuts ('LR_indx', '==', '2')
shape_cuts [('z', '>', '0.15') ('z', '<', '0.43') ('e1', '>', '-10.0')
 ('jk', '>', '-1') ('LR_indx', '==', '2')]
density_cuts [('z', '>', '0.15') ('z', '<', '0.43') ('jk', '>', '-1')
 ('z', '>', '0.15') ('z', '<', '0.43') ('jk', '>', '-1')]
0.4299984574317932
flag_data_rand err 'e1'
flag_data_rand err 'LR_indx'
0.4299984574317932
2:  [0.01066615 0.0105496  0.01039515 0.01009372] [23. 24. 25. 26.]
density:  [0.01071922 0.01053709 0.01035552 0.01012367] [23. 24. 25. 26.] 37071
e_rms:  0.13
writing to: /home/deep/repos/FP_project/lowz12_fp//data_out/lum_ia/lum2full_wt02_Rwt0
==============python done==============


===============================================
begining Mon Jun 17 00:23:23 PDT 2019
==============off to python==============
shape_cuts ('LR_indx', '==', '3')
shape_cuts [('z', '>', '0.15') ('z', '<', '0.43') ('e1', '>', '-10.0')
 ('jk', '>', '-1') ('LR_indx', '==', '3')]
density_cuts [('z', '>', '0.15') ('z', '<', '0.43') ('jk', '>', '-1')
 ('z', '>', '0.15') ('z', '<', '0.43') ('jk', '>', '-1')]
0.4299984574317932
flag_data_rand err 'e1'
flag_data_rand err 'LR_indx'
0.4299984574317932
2:  [0.01064931 0.01056212 0.01038701 0.01007005] [23. 24. 25. 26.]
density:  [0.01071475 0.01055665 0.01043541 0.01009238] [23. 24. 25. 26.] 37357
e_rms:  0.13
writing to: /home/deep/repos/FP_project/lowz12_fp//data_out/lum_ia/lum3full_wt02_Rwt0
==============python done==============


===============================================
begining Mon Jun 17 02:26:09 PDT 2019
==============off to python==============
shape_cuts ('LR_indx', '==', '4')
shape_cuts [('z', '>', '0.15') ('z', '<', '0.43') ('e1', '>', '-10.0')
 ('jk', '>', '-1') ('LR_indx', '==', '4')]
density_cuts [('z', '>', '0.15') ('z', '<', '0.43') ('jk', '>', '-1')
 ('z', '>', '0.15') ('z', '<', '0.43') ('jk', '>', '-1')]
0.4299984574317932
flag_data_rand err 'e1'
flag_data_rand err 'LR_indx'
0.4299984574317932
2:  [0.01066455 0.01055325 0.01038113 0.01008766] [23. 24. 25. 26.]
density:  [0.01070861 0.01049826 0.01037424 0.01011026] [23. 24. 25. 26.] 37138
e_rms:  0.13
writing to: /home/deep/repos/FP_project/lowz12_fp//data_out/lum_ia/lum4full_wt02_Rwt0
==============python done==============
