

===============================================
begining Sat May 25 10:16:18 PDT 2019
==============off to python==============
shape_cuts [('z', '>', '0.15') ('z', '<', '0.43') ('jk', '>', '-1')]
shape_cuts [('z', '>', '0.15') ('z', '<', '0.43') ('e1', '>', '-10.0')
 ('jk', '>', '-1') ('z', '>', '0.15') ('z', '<', '0.43') ('jk', '>', '-1')]
density_cuts [('z', '>', '0.15') ('z', '<', '0.43') ('jk', '>', '-1')
 ('fp', '>', '-10') ('z', '>', '0.15') ('z', '<', '0.43')
 ('jk', '>', '-1')]
flag_data_rand err 'fp'
0.9979763031005859
flag_data_rand err 'e1'
0.9979763031005859
2:  [0.01066502 0.01058008 0.010383   0.01007202] [23. 24. 25. 26.]
density:  [0.01058287 0.01056441 0.01047992 0.01000182] [23. 24. 25. 26.] 37461
e_rms:  0.13
writing to: /home/deep/repos/FP_project/lowz12_fp//data_out/full_ia/fullfull_fp_full_z_r3_wt2_Rwt2
==============python done==============


===============================================
begining Sun May 26 00:11:04 PDT 2019
==============off to python==============
shape_cuts [('z', '>', '0.15') ('z', '<', '0.43') ('jk', '>', '-1')]
shape_cuts [('z', '>', '0.15') ('z', '<', '0.43') ('e1', '>', '-10.0')
 ('jk', '>', '-1') ('z', '>', '0.15') ('z', '<', '0.43') ('jk', '>', '-1')]
density_cuts [('z', '>', '0.15') ('z', '<', '0.43') ('jk', '>', '-1')
 ('fp', '>', '-10') ('z', '>', '0.15') ('z', '<', '0.43')
 ('jk', '>', '-1')]
flag_data_rand err 'fp'
0.9979763031005859
flag_data_rand err 'e1'
0.9979763031005859
2:  [0.01064857 0.01055271 0.01037185 0.01007213] [23. 24. 25. 26.]
density:  [0.01063809 0.01054563 0.01026373 0.01013744] [23. 24. 25. 26.] 31858
e_rms:  0.13
writing to: /home/deep/repos/FP_project/lowz12_fp//data_out/full_ia/fullfull_fp_full_fsc_z_r1_wt2_Rwt2
==============python done==============


===============================================
begining Sun May 26 06:43:39 PDT 2019
==============off to python==============
shape_cuts [('z', '>', '0.15') ('z', '<', '0.43') ('jk', '>', '-1')]
shape_cuts [('z', '>', '0.15') ('z', '<', '0.43') ('e1', '>', '-10.0')
 ('jk', '>', '-1') ('z', '>', '0.15') ('z', '<', '0.43') ('jk', '>', '-1')]
density_cuts [('z', '>', '0.15') ('z', '<', '0.43') ('jk', '>', '-1')
 ('fp', '>', '-10') ('z', '>', '0.15') ('z', '<', '0.43')
 ('jk', '>', '-1')]
flag_data_rand err 'fp'
0.9979763031005859
flag_data_rand err 'e1'
0.9979763031005859
2:  [0.01066246 0.01054178 0.01038137 0.0100978 ] [23. 24. 25. 26.]
density:  [0.01074602 0.01045156 0.01039807 0.01009072] [23. 24. 25. 26.] 32275
e_rms:  0.13
writing to: /home/deep/repos/FP_project/lowz12_fp//data_out/full_ia/fullfull_fp_full_fsc_z_r3_wt2_Rwt2
==============python done==============


===============================================
begining Sun May 26 14:43:04 PDT 2019
==============off to python==============
shape_cuts [('z', '>', '0.15') ('z', '<', '0.43') ('jk', '>', '-1')]
shape_cuts [('z', '>', '0.15') ('z', '<', '0.43') ('e1', '>', '-10.0')
 ('jk', '>', '-1') ('z', '>', '0.15') ('z', '<', '0.43') ('jk', '>', '-1')]
density_cuts [('z', '>', '0.15') ('z', '<', '0.43') ('jk', '>', '-1')
 ('fp', '>', '-10') ('z', '>', '0.15') ('z', '<', '0.43')
 ('jk', '>', '-1')]
flag_data_rand err 'fp'
0.9979763031005859
flag_data_rand err 'e1'
0.9979763031005859
2:  [0.01067076 0.01055545 0.0103867  0.0100932 ] [23. 24. 25. 26.]
density:  [0.0107524  0.01053307 0.01032885 0.01022199] [23. 24. 25. 26.] 36921
e_rms:  0.13
writing to: /home/deep/repos/FP_project/lowz12_fp//data_out/full_ia/fullfull_fp_full_z_r1_wt2_Rwt2
==============python done==============


===============================================
begining Sun May 26 23:34:50 PDT 2019
==============off to python==============
shape_cuts [('z', '>', '0.15') ('z', '<', '0.43') ('jk', '>', '-1')]
shape_cuts [('z', '>', '0.15') ('z', '<', '0.43') ('e1', '>', '-10.0')
 ('jk', '>', '-1') ('z', '>', '0.15') ('z', '<', '0.43') ('jk', '>', '-1')]
density_cuts [('z', '>', '0.15') ('z', '<', '0.43') ('jk', '>', '-1')
 ('fp', '>', '-10') ('z', '>', '0.15') ('z', '<', '0.43')
 ('jk', '>', '-1')]
flag_data_rand err 'fp'
0.9979763031005859
flag_data_rand err 'e1'
0.9979763031005859
2:  [0.0106609  0.01058161 0.0103839  0.0101021 ] [23. 24. 25. 26.]
density:  [0.01061169 0.01054287 0.01043292 0.01004742] [23. 24. 25. 26.] 37293
e_rms:  0.13
writing to: /home/deep/repos/FP_project/lowz12_fp//data_out/full_ia/fullfull_fp_full_z_r0_wt2_Rwt2
==============python done==============


===============================================
begining Mon May 27 06:54:57 PDT 2019
==============off to python==============
shape_cuts [('z', '>', '0.15') ('z', '<', '0.43') ('jk', '>', '-1')]
shape_cuts [('z', '>', '0.15') ('z', '<', '0.43') ('e1', '>', '-10.0')
 ('jk', '>', '-1') ('z', '>', '0.15') ('z', '<', '0.43') ('jk', '>', '-1')]
density_cuts [('z', '>', '0.15') ('z', '<', '0.43') ('jk', '>', '-1')
 ('fp', '>', '-10') ('z', '>', '0.15') ('z', '<', '0.43')
 ('jk', '>', '-1')]
flag_data_rand err 'fp'
0.9979763031005859
flag_data_rand err 'e1'
0.9979763031005859
2:  [0.01065383 0.01052807 0.0103804  0.01007224] [23. 24. 25. 26.]
density:  [0.01061012 0.01057269 0.01042044 0.01016456] [23. 24. 25. 26.] 37303
e_rms:  0.13
writing to: /home/deep/repos/FP_project/lowz12_fp//data_out/full_ia/fullfull_fp_full_M_z_r3_wt2_Rwt2
==============python done==============


===============================================
begining Mon May 27 10:33:19 PDT 2019
==============off to python==============
shape_cuts [('z', '>', '0.15') ('z', '<', '0.43') ('jk', '>', '-1')]
shape_cuts [('z', '>', '0.15') ('z', '<', '0.43') ('e1', '>', '-10.0')
 ('jk', '>', '-1') ('z', '>', '0.15') ('z', '<', '0.43') ('jk', '>', '-1')]
density_cuts [('z', '>', '0.15') ('z', '<', '0.43') ('jk', '>', '-1')
 ('fp', '>', '-10') ('z', '>', '0.15') ('z', '<', '0.43')
 ('jk', '>', '-1')]
flag_data_rand err 'fp'
0.9979763031005859
flag_data_rand err 'e1'
0.9979763031005859
2:  [0.01068193 0.01056419 0.01039738 0.01009837] [23. 24. 25. 26.]
density:  [0.01072661 0.01057464 0.0103967  0.01010115] [23. 24. 25. 26.] 37218
e_rms:  0.13
writing to: /home/deep/repos/FP_project/lowz12_fp//data_out/full_ia/fullfull_fp_full_M_z_r0_wt2_Rwt2
==============python done==============


===============================================
begining Sun Jun 16 15:31:59 PDT 2019
==============off to python==============
shape_cuts [('z', '>', '0.15') ('z', '<', '0.43') ('jk', '>', '-1')]
shape_cuts [('z', '>', '0.15') ('z', '<', '0.43') ('e1', '>', '-10.0')
 ('jk', '>', '-1') ('z', '>', '0.15') ('z', '<', '0.43') ('jk', '>', '-1')]
density_cuts [('z', '>', '0.15') ('z', '<', '0.43') ('jk', '>', '-1')
 ('z', '>', '0.15') ('z', '<', '0.43') ('jk', '>', '-1')]
0.9979763031005859
flag_data_rand err 'e1'
0.9979763031005859
rand RA-DEC wt col jk_lowz12 3
2:  [0.01058165 0.01062683 0.01032217 0.01020076] [23. 24. 25. 26.]
density:  [0.01072397 0.01045022 0.01032312 0.01023233] [23. 24. 25. 26.] 7391
e_rms:  0.13
writing to: /home/deep/repos/FP_project/lowz12_fp//data_out/full_ia/fullfull_wt02_Rwt3
==============python done==============


===============================================
begining Sun Jun 16 22:16:46 PDT 2019
==============off to python==============
shape_cuts [('z', '>', '0.15') ('z', '<', '0.43') ('jk', '>', '-1')]
shape_cuts [('z', '>', '0.15') ('z', '<', '0.43') ('e1', '>', '-10.0')
 ('jk', '>', '-1') ('z', '>', '0.15') ('z', '<', '0.43') ('jk', '>', '-1')]
density_cuts [('z', '>', '0.15') ('z', '<', '0.43') ('jk', '>', '-1')
 ('z', '>', '0.15') ('z', '<', '0.43') ('jk', '>', '-1')]
0.9979763031005859
flag_data_rand err 'e1'
0.9979763031005859
rand RA-DEC wt col jk_lowz12 3
2:  [0.01067573 0.01057804 0.01040959 0.01008184] [23. 24. 25. 26.]
density:  [0.01072202 0.01067062 0.01039155 0.01002059] [23. 24. 25. 26.] 37200
e_rms:  0.13
writing to: /home/deep/repos/FP_project/lowz12_fp//data_out/full_ia/fullfull_wt02_Rwt3
==============python done==============
